<t:test-suite xmlns:t='http://xproc.org/ns/testsuite'>
<t:title>XML Calabash extension tests</t:title>
<t:test href="adhoc-query-001.xml"/>
<t:test href="collection-manager-001.xml"/>
<t:test href="compare-001.xml"/>

<!-- for no good reason, these tests rely being run in this order: -->
<t:test href="compress-001.xml"/>
<t:test href="copy-001.xml"/>
<t:test href="delete-001.xml"/>
<t:test href="head-001.xml"/>
<t:test href="info-001.xml"/>

<t:test href="css-formatter-001.xml"/>
<t:test href="delta-xml-001.xml"/>
<t:test href="eval-001.xml"/>
<t:test href="get-cookies-001.xml"/>
<t:test href="http-request-binary-001.xml"/>
<t:test href="insert-document-001.xml"/>
<t:test href="invoke-module-001.xml"/>
<t:test href="java-properties-001.xml"/>
<t:test href="mathml-to-svg-001.xml"/>
<t:test href="message-001.xml"/>
<t:test href="metadata-extractor-001.xml"/>
<t:test href="namespace-delete-001.xml"/>
<t:test href="pretty-print-001.xml"/>
<t:test href="exf-cwd-001.xml"/>
<t:test href="set-cookies-001.xml"/>
<t:test href="unzip-001.xml"/>
<t:test href="unzip-002.xml"/>
<t:test href="uri-info-001.xml"/>

<t:test href="rdf-load-001.xml"/>
<t:test href="sparql-001.xml"/>
<t:test href="xinclude-001.xml"/>
<t:test href="search-text-001.xml"/>

<!-- Tests to add:
src/com/xmlcalabash/extensions/Eval.java
src/com/xmlcalabash/extensions/fileutils/Mkdir.java
src/com/xmlcalabash/extensions/fileutils/Move.java
src/com/xmlcalabash/extensions/fileutils/Tail.java
src/com/xmlcalabash/extensions/fileutils/Tempfile.java
src/com/xmlcalabash/extensions/fileutils/Touch.java
src/com/xmlcalabash/extensions/NVDL.java
src/com/xmlcalabash/extensions/osutils/Cwd.java
src/com/xmlcalabash/extensions/osutils/Env.java
src/com/xmlcalabash/extensions/osutils/Info.java
src/com/xmlcalabash/extensions/ReportErrors.java
src/com/xmlcalabash/extensions/SendMail.java
src/com/xmlcalabash/extensions/Uncompress.java
src/com/xmlcalabash/extensions/UntilUnchanged.java
src/com/xmlcalabash/extensions/Zip.java
-->

</t:test-suite>


